[2m15:06:30[22m [33m[1m[vite][22m[39m Failed to load source map for C:/Users/Admin/Documents/Flash_kanji/index/vendor/chart.umd.min.js.
Error: An error occurred while trying to read the map file at chart.umd.js.map
Error: ENOENT: no such file or directory, open 'C:\Users\Admin\Documents\Flash_kanji\index\vendor\chart.umd.js.map'
    at async open (node:internal/fs/promises:640:25)
    at async Object.readFile (node:internal/fs/promises:1290:14)
    at async extractSourcemapFromFile (file:///C:/Users/Admin/Documents/Flash_kanji/index/node_modules/.pnpm/vite@5.4.21_terser@5.48.0/node_modules/vite/dist/node/chunks/dep-BK3b2jBa.js:21002:53)
    at async loadAndTransform (file:///C:/Users/Admin/Documents/Flash_kanji/index/node_modules/.pnpm/vite@5.4.21_terser@5.48.0/node_modules/vite/dist/node/chunks/dep-BK3b2jBa.js:51941:27)
[2m15:06:30[22m [33m[1m[vite][22m[39m Failed to load source map for C:/Users/Admin/Documents/Flash_kanji/index/vendor/chart.umd.min.js.
Error: An error occurred while trying to read the map file at chart.umd.js.map
Error: ENOENT: no such file or directory, open 'C:\Users\Admin\Documents\Flash_kanji\index\vendor\chart.umd.js.map'
    at async open (node:internal/fs/promises:640:25)
    at async Object.readFile (node:internal/fs/promises:1290:14)
    at async extractSourcemapFromFile (file:///C:/Users/Admin/Documents/Flash_kanji/index/node_modules/.pnpm/vite@5.4.21_terser@5.48.0/node_modules/vite/dist/node/chunks/dep-BK3b2jBa.js:21002:53)
    at async loadAndTransform (file:///C:/Users/Admin/Documents/Flash_kanji/index/node_modules/.pnpm/vite@5.4.21_terser@5.48.0/node_modules/vite/dist/node/chunks/dep-BK3b2jBa.js:51941:27)
[2m16:56:59[22m [33m[1m[vite][22m[39m Failed to load source map for C:/Users/Admin/Documents/Flash_kanji/index/vendor/chart.umd.min.js.
Error: An error occurred while trying to read the map file at chart.umd.js.map
Error: ENOENT: no such file or directory, open 'C:\Users\Admin\Documents\Flash_kanji\index\vendor\chart.umd.js.map'
    at async open (node:internal/fs/promises:640:25)
    at async Object.readFile (node:internal/fs/promises:1290:14)
    at async extractSourcemapFromFile (file:///C:/Users/Admin/Documents/Flash_kanji/index/node_modules/.pnpm/vite@5.4.21_terser@5.48.0/node_modules/vite/dist/node/chunks/dep-BK3b2jBa.js:21002:53)
    at async loadAndTransform (file:///C:/Users/Admin/Documents/Flash_kanji/index/node_modules/.pnpm/vite@5.4.21_terser@5.48.0/node_modules/vite/dist/node/chunks/dep-BK3b2jBa.js:51941:27)
[2m15:09:16[22m [33m[1m[vite][22m[39m Failed to load source map for C:/Users/Admin/Documents/Flash_kanji/index/vendor/chart.umd.min.js.
Error: An error occurred while trying to read the map file at chart.umd.js.map
Error: ENOENT: no such file or directory, open 'C:\Users\Admin\Documents\Flash_kanji\index\vendor\chart.umd.js.map'
    at async open (node:internal/fs/promises:640:25)
    at async Object.readFile (node:internal/fs/promises:1290:14)
    at async extractSourcemapFromFile (file:///C:/Users/Admin/Documents/Flash_kanji/index/node_modules/.pnpm/vite@5.4.21_terser@5.48.0/node_modules/vite/dist/node/chunks/dep-BK3b2jBa.js:21002:53)
    at async loadAndTransform (file:///C:/Users/Admin/Documents/Flash_kanji/index/node_modules/.pnpm/vite@5.4.21_terser@5.48.0/node_modules/vite/dist/node/chunks/dep-BK3b2jBa.js:51941:27)
